<?xml version="1.0" encoding="UTF-8"?>
<!-- Generated by org.testng.reporters.JUnitXMLReporter -->
<testsuite ignored="0" hostname="DESKTOP-M75R6AP" failures="1" tests="9" name="Default test" time="15.761" errors="0" timestamp="2023-02-26T10:55:13 IST">
  <testcase classname="Test.LoginPageTest2" name="VerifyUrl" time="0.037"/>
  <testcase classname="Test.LoginPageTest2" name="VerifyTitle" time="0.015"/>
  <testcase classname="Test.LoginPageTest2" name="verifyUsernametextbox" time="0.111"/>
  <testcase classname="Test.LoginPageTest2" name="verifyPassworTextbox" time="0.068"/>
  <testcase classname="Test.LoginPageTest2" name="verifyLoginbutton" time="0.051"/>
  <testcase classname="Test.LoginPageTest2" name="verifyForgotpasswordlink" time="0.059"/>
  <testcase classname="Test.LoginPageTest2" name="verifyCreateAccountbutton" time="0.073"/>
  <testcase classname="Test.LoginPageTest2" name="verifyText" time="0.123"/>
  <testcase classname="Test.LoginPageTest2" name="compareLogoTest" time="0.267">
    <failure type="java.lang.RuntimeException" message="org.openqa.selenium.JavascriptException: javascript error: el.offset is not a function
  (Session info: chrome=110.0.5481.105)
Build info: version: &amp;apos;4.6.0&amp;apos;, revision: &amp;apos;79f1c02ae20&amp;apos;
System info: os.name: &amp;apos;Windows 10&amp;apos;, os.arch: &amp;apos;amd64&amp;apos;, os.version: &amp;apos;10.0&amp;apos;, java.version: &amp;apos;17.0.5&amp;apos;
Driver info: org.openqa.selenium.chrome.ChromeDriver
Command: [54c3774146b8bb12252cc526167747a1, executeScript {script=function Coords(el) {
    this.left = parseInt(el.offset().left);
    this.top = parseInt(el.offset().top);
    this.right = parseInt(this.left + el.outerWidth());
    this.bottom = parseInt(this.top + el.outerHeight());
}

Coords.prototype.toString = function () {
    var x = Math.max(this.left, 0);
    var y = Math.max(this.top, 0);
    return JSON.stringify({
        x:x,
        y:y,
        width:this.right - x,
        height:this.bottom - y
    });
};

return [(new Coords($(arguments[0]))).toString()];
, args=[{ELEMENT=3739114a-d57c-4569-88f0-3bd03dfb2d6b, element-6066-11e4-a52e-4f735466cecf=3739114a-d57c-4569-88f0-3bd03dfb2d6b}]}]
Capabilities {acceptInsecureCerts: false, browserName: chrome, browserVersion: 110.0.5481.105, chrome: {chromedriverVersion: 110.0.5481.77 (65ed616c6e8e..., userDataDir: C:\Users\pankaj\AppData\Loc...}, goog:chromeOptions: {debuggerAddress: localhost:63158}, networkConnectionEnabled: false, pageLoadStrategy: normal, platformName: WINDOWS, proxy: Proxy(), se:cdp: ws://localhost:63158/devtoo..., se:cdpVersion: 110.0.5481.105, setWindowRect: true, strictFileInteractability: false, timeouts: {implicit: 0, pageLoad: 300000, script: 30000}, unhandledPromptBehavior: dismiss and notify, webauthn:extension:credBlob: true, webauthn:extension:largeBlob: true, webauthn:virtualAuthenticators: true}
Session ID: 54c3774146b8bb12252cc526167747a1">
      <![CDATA[java.lang.RuntimeException: org.openqa.selenium.JavascriptException: javascript error: el.offset is not a function
  (Session info: chrome=110.0.5481.105)
Build info: version: '4.6.0', revision: '79f1c02ae20'
System info: os.name: 'Windows 10', os.arch: 'amd64', os.version: '10.0', java.version: '17.0.5'
Driver info: org.openqa.selenium.chrome.ChromeDriver
Command: [54c3774146b8bb12252cc526167747a1, executeScript {script=function Coords(el) {
    this.left = parseInt(el.offset().left);
    this.top = parseInt(el.offset().top);
    this.right = parseInt(this.left + el.outerWidth());
    this.bottom = parseInt(this.top + el.outerHeight());
}

Coords.prototype.toString = function () {
    var x = Math.max(this.left, 0);
    var y = Math.max(this.top, 0);
    return JSON.stringify({
        x:x,
        y:y,
        width:this.right - x,
        height:this.bottom - y
    });
};

return [(new Coords($(arguments[0]))).toString()];
, args=[{ELEMENT=3739114a-d57c-4569-88f0-3bd03dfb2d6b, element-6066-11e4-a52e-4f735466cecf=3739114a-d57c-4569-88f0-3bd03dfb2d6b}]}]
Capabilities {acceptInsecureCerts: false, browserName: chrome, browserVersion: 110.0.5481.105, chrome: {chromedriverVersion: 110.0.5481.77 (65ed616c6e8e..., userDataDir: C:\Users\pankaj\AppData\Loc...}, goog:chromeOptions: {debuggerAddress: localhost:63158}, networkConnectionEnabled: false, pageLoadStrategy: normal, platformName: WINDOWS, proxy: Proxy(), se:cdp: ws://localhost:63158/devtoo..., se:cdpVersion: 110.0.5481.105, setWindowRect: true, strictFileInteractability: false, timeouts: {implicit: 0, pageLoad: 300000, script: 30000}, unhandledPromptBehavior: dismiss and notify, webauthn:extension:credBlob: true, webauthn:extension:largeBlob: true, webauthn:virtualAuthenticators: true}
Session ID: 54c3774146b8bb12252cc526167747a1
at ru.yandex.qatools.ashot.util.InnerScript.execute(InnerScript.java:32)
at ru.yandex.qatools.ashot.util.JsCoords.findCoordsWithJquery(JsCoords.java:24)
at ru.yandex.qatools.ashot.coordinates.JqueryCoordsProvider.ofElement(JqueryCoordsProvider.java:14)
at ru.yandex.qatools.ashot.coordinates.CoordsProvider.ofElements(CoordsProvider.java:21)
at ru.yandex.qatools.ashot.AShot.takeScreenshot(AShot.java:116)
at ru.yandex.qatools.ashot.AShot.takeScreenshot(AShot.java:134)
at Test.LoginPageTest2.compareLogoTest(LoginPageTest2.java:106)
at java.base/jdk.internal.reflect.NativeMethodAccessorImpl.invoke0(Native Method)
at java.base/jdk.internal.reflect.NativeMethodAccessorImpl.invoke(NativeMethodAccessorImpl.java:77)
at java.base/jdk.internal.reflect.DelegatingMethodAccessorImpl.invoke(DelegatingMethodAccessorImpl.java:43)
at java.base/java.lang.reflect.Method.invoke(Method.java:568)
at org.testng.internal.invokers.MethodInvocationHelper.invokeMethod(MethodInvocationHelper.java:139)
at org.testng.internal.invokers.TestInvoker.invokeMethod(TestInvoker.java:677)
at org.testng.internal.invokers.TestInvoker.invokeTestMethod(TestInvoker.java:221)
at org.testng.internal.invokers.MethodRunner.runInSequence(MethodRunner.java:50)
at org.testng.internal.invokers.TestInvoker$MethodInvocationAgent.invoke(TestInvoker.java:962)
at org.testng.internal.invokers.TestInvoker.invokeTestMethods(TestInvoker.java:194)
at org.testng.internal.invokers.TestMethodWorker.invokeTestMethods(TestMethodWorker.java:148)
at org.testng.internal.invokers.TestMethodWorker.run(TestMethodWorker.java:128)
at java.base/java.util.ArrayList.forEach(ArrayList.java:1511)
at org.testng.TestRunner.privateRun(TestRunner.java:806)
at org.testng.TestRunner.run(TestRunner.java:601)
at org.testng.SuiteRunner.runTest(SuiteRunner.java:433)
at org.testng.SuiteRunner.runSequentially(SuiteRunner.java:427)
at org.testng.SuiteRunner.privateRun(SuiteRunner.java:387)
at org.testng.SuiteRunner.run(SuiteRunner.java:330)
at org.testng.SuiteRunnerWorker.runSuite(SuiteRunnerWorker.java:52)
at org.testng.SuiteRunnerWorker.run(SuiteRunnerWorker.java:95)
at org.testng.TestNG.runSuitesSequentially(TestNG.java:1256)
at org.testng.TestNG.runSuitesLocally(TestNG.java:1176)
at org.testng.TestNG.runSuites(TestNG.java:1099)
at org.testng.TestNG.run(TestNG.java:1067)
at org.testng.remote.AbstractRemoteTestNG.run(AbstractRemoteTestNG.java:115)
at org.testng.remote.RemoteTestNG.initAndRun(RemoteTestNG.java:251)
at org.testng.remote.RemoteTestNG.main(RemoteTestNG.java:77)
Caused by: org.openqa.selenium.JavascriptException: javascript error: el.offset is not a function
  (Session info: chrome=110.0.5481.105)
Build info: version: '4.6.0', revision: '79f1c02ae20'
System info: os.name: 'Windows 10', os.arch: 'amd64', os.version: '10.0', java.version: '17.0.5'
Driver info: org.openqa.selenium.chrome.ChromeDriver
Command: [54c3774146b8bb12252cc526167747a1, executeScript {script=function Coords(el) {
    this.left = parseInt(el.offset().left);
    this.top = parseInt(el.offset().top);
    this.right = parseInt(this.left + el.outerWidth());
    this.bottom = parseInt(this.top + el.outerHeight());
}

Coords.prototype.toString = function () {
    var x = Math.max(this.left, 0);
    var y = Math.max(this.top, 0);
    return JSON.stringify({
        x:x,
        y:y,
        width:this.right - x,
        height:this.bottom - y
    });
};

return [(new Coords($(arguments[0]))).toString()];
, args=[{ELEMENT=3739114a-d57c-4569-88f0-3bd03dfb2d6b, element-6066-11e4-a52e-4f735466cecf=3739114a-d57c-4569-88f0-3bd03dfb2d6b}]}]
Capabilities {acceptInsecureCerts: false, browserName: chrome, browserVersion: 110.0.5481.105, chrome: {chromedriverVersion: 110.0.5481.77 (65ed616c6e8e..., userDataDir: C:\Users\pankaj\AppData\Loc...}, goog:chromeOptions: {debuggerAddress: localhost:63158}, networkConnectionEnabled: false, pageLoadStrategy: normal, platformName: WINDOWS, proxy: Proxy(), se:cdp: ws://localhost:63158/devtoo..., se:cdpVersion: 110.0.5481.105, setWindowRect: true, strictFileInteractability: false, timeouts: {implicit: 0, pageLoad: 300000, script: 30000}, unhandledPromptBehavior: dismiss and notify, webauthn:extension:credBlob: true, webauthn:extension:largeBlob: true, webauthn:virtualAuthenticators: true}
Session ID: 54c3774146b8bb12252cc526167747a1
at java.base/jdk.internal.reflect.NativeConstructorAccessorImpl.newInstance0(Native Method)
at java.base/jdk.internal.reflect.NativeConstructorAccessorImpl.newInstance(NativeConstructorAccessorImpl.java:77)
at java.base/jdk.internal.reflect.DelegatingConstructorAccessorImpl.newInstance(DelegatingConstructorAccessorImpl.java:45)
at java.base/java.lang.reflect.Constructor.newInstanceWithCaller(Constructor.java:499)
at java.base/java.lang.reflect.Constructor.newInstance(Constructor.java:480)
at org.openqa.selenium.remote.codec.w3c.W3CHttpResponseCodec.createException(W3CHttpResponseCodec.java:200)
at org.openqa.selenium.remote.codec.w3c.W3CHttpResponseCodec.decode(W3CHttpResponseCodec.java:133)
at org.openqa.selenium.remote.codec.w3c.W3CHttpResponseCodec.decode(W3CHttpResponseCodec.java:53)
at org.openqa.selenium.remote.HttpCommandExecutor.execute(HttpCommandExecutor.java:184)
at org.openqa.selenium.remote.service.DriverCommandExecutor.invokeExecute(DriverCommandExecutor.java:167)
at org.openqa.selenium.remote.service.DriverCommandExecutor.execute(DriverCommandExecutor.java:142)
at org.openqa.selenium.remote.RemoteWebDriver.execute(RemoteWebDriver.java:541)
at org.openqa.selenium.remote.RemoteWebDriver.executeScript(RemoteWebDriver.java:478)
at ru.yandex.qatools.ashot.util.InnerScript.execute(InnerScript.java:30)
... 34 more
]]>
    </failure>
  </testcase> <!-- compareLogoTest -->
</testsuite> <!-- Default test -->
