<?xml version="1.0" encoding="UTF-8"?>
<!-- Generated by org.testng.reporters.JUnitXMLReporter -->
<testsuite ignored="0" hostname="DESKTOP-M75R6AP" failures="3" tests="14" name="Test2" time="100.052" errors="0" timestamp="2023-02-15T10:35:33 IST">
  <testcase classname="Test.HomePageTest" name="verifyurlTest" time="0.062"/>
  <testcase classname="Test.HomePageTest" name="VerifytitleTest" time="0.02"/>
  <testcase classname="Test.HomePageTest" name="capturelogo" time="1.179">
    <failure type="java.io.FileNotFoundException" message="File system element for parameter &amp;apos;source&amp;apos; does not exist: &amp;apos;.\Screenshots\facebook.png&amp;apos;">
      <![CDATA[java.io.FileNotFoundException: File system element for parameter 'source' does not exist: '.\Screenshots\facebook.png'
at org.apache.commons.io.FileUtils.requireExistsChecked(FileUtils.java:2719)
at org.apache.commons.io.FileUtils.requireFileCopy(FileUtils.java:2751)
at org.apache.commons.io.FileUtils.copyFile(FileUtils.java:840)
at org.apache.commons.io.FileUtils.copyFile(FileUtils.java:756)
at Test.HomePageTest.capturelogo(HomePageTest.java:60)
at java.base/java.util.ArrayList.forEach(ArrayList.java:1511)
... Removed 27 stack frames]]>
    </failure>
  </testcase> <!-- capturelogo -->
  <testcase classname="Test.HomePageTest" name="verifyUsernametextbox" time="0.255"/>
  <testcase classname="Test.HomePageTest" name="verifyPassworTextbox" time="0.056"/>
  <testcase classname="Test.HomePageTest" name="verifyLoginbutton" time="0.048"/>
  <testcase classname="Test.HomePageTest" name="verifyForgotpasswordlink" time="0.051"/>
  <testcase classname="Test.HomePageTest" name="verifyCreateAccountbutton" time="0.052"/>
  <testcase classname="Test.HomePageTest" name="verifyText" time="0.277"/>
  <testcase classname="Test.HomePageTest" name="compareLogoTest" time="1.025">
    <failure type="javax.imageio.IIOException" message="Can&amp;apos;t read input file!">
      <![CDATA[javax.imageio.IIOException: Can't read input file!
at java.desktop/javax.imageio.ImageIO.read(ImageIO.java:1310)
at Test.HomePageTest.compareLogoTest(HomePageTest.java:117)
at java.base/java.util.ArrayList.forEach(ArrayList.java:1511)
... Removed 27 stack frames]]>
    </failure>
  </testcase> <!-- compareLogoTest -->
  <testcase classname="Test.LoginPageTest" name="LoginTest" time="1.896"/>
  <testcase classname="Test.LoginPageTest" name="LoginTest" time="21.035">
    <failure type="org.openqa.selenium.StaleElementReferenceException" message="stale element reference: element is not attached to the page document
  (Session info: chrome=110.0.5481.97)
For documentation on this error, please visit: https://selenium.dev/exceptions/#stale_element_reference
Build info: version: &amp;apos;4.6.0&amp;apos;, revision: &amp;apos;79f1c02ae20&amp;apos;
System info: os.name: &amp;apos;Windows 10&amp;apos;, os.arch: &amp;apos;amd64&amp;apos;, os.version: &amp;apos;10.0&amp;apos;, java.version: &amp;apos;17.0.5&amp;apos;
Driver info: org.openqa.selenium.chrome.ChromeDriver
Command: [430a0654429989012ecc73e977152484, sendKeysToElement {id=33fcd9cf-8b33-4aa3-b727-f78d11d8a54e, value=[Ljava.lang.CharSequence;@3c232051}]
Capabilities {acceptInsecureCerts: false, browserName: chrome, browserVersion: 110.0.5481.97, chrome: {chromedriverVersion: 110.0.5481.77 (65ed616c6e8e..., userDataDir: C:\Users\pankaj\AppData\Loc...}, goog:chromeOptions: {debuggerAddress: localhost:60600}, networkConnectionEnabled: false, pageLoadStrategy: normal, platformName: WINDOWS, proxy: Proxy(), se:cdp: ws://localhost:60600/devtoo..., se:cdpVersion: 110.0.5481.97, setWindowRect: true, strictFileInteractability: false, timeouts: {implicit: 0, pageLoad: 300000, script: 30000}, unhandledPromptBehavior: dismiss and notify, webauthn:extension:credBlob: true, webauthn:extension:largeBlob: true, webauthn:virtualAuthenticators: true}
Element: [[ChromeDriver: chrome on WINDOWS (430a0654429989012ecc73e977152484)] -&amp;gt; xpath: //input[@name=&amp;quot;email&amp;quot;]]
Session ID: 430a0654429989012ecc73e977152484">
      <![CDATA[org.openqa.selenium.StaleElementReferenceException: stale element reference: element is not attached to the page document
  (Session info: chrome=110.0.5481.97)
For documentation on this error, please visit: https://selenium.dev/exceptions/#stale_element_reference
Build info: version: '4.6.0', revision: '79f1c02ae20'
System info: os.name: 'Windows 10', os.arch: 'amd64', os.version: '10.0', java.version: '17.0.5'
Driver info: org.openqa.selenium.chrome.ChromeDriver
Command: [430a0654429989012ecc73e977152484, sendKeysToElement {id=33fcd9cf-8b33-4aa3-b727-f78d11d8a54e, value=[Ljava.lang.CharSequence;@3c232051}]
Capabilities {acceptInsecureCerts: false, browserName: chrome, browserVersion: 110.0.5481.97, chrome: {chromedriverVersion: 110.0.5481.77 (65ed616c6e8e..., userDataDir: C:\Users\pankaj\AppData\Loc...}, goog:chromeOptions: {debuggerAddress: localhost:60600}, networkConnectionEnabled: false, pageLoadStrategy: normal, platformName: WINDOWS, proxy: Proxy(), se:cdp: ws://localhost:60600/devtoo..., se:cdpVersion: 110.0.5481.97, setWindowRect: true, strictFileInteractability: false, timeouts: {implicit: 0, pageLoad: 300000, script: 30000}, unhandledPromptBehavior: dismiss and notify, webauthn:extension:credBlob: true, webauthn:extension:largeBlob: true, webauthn:virtualAuthenticators: true}
Element: [[ChromeDriver: chrome on WINDOWS (430a0654429989012ecc73e977152484)] -> xpath: //input[@name="email"]]
Session ID: 430a0654429989012ecc73e977152484
at org.openqa.selenium.remote.codec.w3c.W3CHttpResponseCodec.createException(W3CHttpResponseCodec.java:200)
at org.openqa.selenium.remote.codec.w3c.W3CHttpResponseCodec.decode(W3CHttpResponseCodec.java:133)
at org.openqa.selenium.remote.codec.w3c.W3CHttpResponseCodec.decode(W3CHttpResponseCodec.java:53)
at org.openqa.selenium.remote.HttpCommandExecutor.execute(HttpCommandExecutor.java:184)
at org.openqa.selenium.remote.service.DriverCommandExecutor.invokeExecute(DriverCommandExecutor.java:167)
at org.openqa.selenium.remote.service.DriverCommandExecutor.execute(DriverCommandExecutor.java:142)
at org.openqa.selenium.remote.RemoteWebDriver.execute(RemoteWebDriver.java:541)
at org.openqa.selenium.remote.RemoteWebElement.execute(RemoteWebElement.java:257)
at org.openqa.selenium.remote.RemoteWebElement.sendKeys(RemoteWebElement.java:113)
at Test.LoginPageTest.LoginTest(LoginPageTest.java:27)
at java.base/java.util.ArrayList.forEach(ArrayList.java:1511)
... Removed 32 stack frames]]>
    </failure>
  </testcase> <!-- LoginTest -->
  <testcase classname="Test.LoginPageTest" name="LoginTest" time="0.669"/>
  <testcase classname="Test.LoginPageTest" name="LoginTest" time="1.738"/>
</testsuite> <!-- Test2 -->
