<!DOCTYPE html PUBLIC "-//W3C//DTD XHTML 1.1//EN" "https://www.w3.org/TR/xhtml11/DTD/xhtml11.dtd">
<html xmlns="https://www.w3.org/1999/xhtml">
<head>
<meta http-equiv="content-type" content="text/html; charset=UTF-8"/>
<title>TestNG Report</title>
<style type="text/css">table {margin-bottom:10px;border-collapse:collapse;empty-cells:show}th,td {border:1px solid #009;padding:.25em .5em}th {vertical-align:bottom}td {vertical-align:top}table a {font-weight:bold}.stripe td {background-color: #E6EBF9}.num {text-align:right}.passedodd td {background-color: #3F3}.passedeven td {background-color: #0A0}.skippedodd td {background-color: #DDD}.skippedeven td {background-color: #CCC}.failedodd td,.attn {background-color: #F33}.failedeven td,.stripe .attn {background-color: #D00}.stacktrace {white-space:pre;font-family:monospace}.totop {font-size:85%;text-align:center;border-bottom:2px solid #000}.invisible {display:none}</style>
</head>
<body>
<table>
<tr><th>Test</th><th># Passed</th><th># Skipped</th><th># Retried</th><th># Failed</th><th>Time (ms)</th><th>Included Groups</th><th>Excluded Groups</th></tr>
<tr><th colspan="8">Facbook</th></tr>
<tr><td><a href="#t0">Test2</a></td><td class="num">11</td><td class="num">0</td><td class="num">0</td><td class="num attn">3</td><td class="num">100,052</td><td></td><td></td></tr>
</table>
<table id='summary'><thead><tr><th>Class</th><th>Method</th><th>Start</th><th>Time (ms)</th></tr></thead><tbody><tr><th colspan="4">Facbook</th></tr></tbody><tbody id="t0"><tr><th colspan="4">Test2 &#8212; failed</th></tr><tr class="failedeven"><td rowspan="2">Test.HomePageTest</td><td><a href="#m0">capturelogo</a></td><td rowspan="1">1676437475741</td><td rowspan="1">1179</td></tr><tr class="failedeven"><td><a href="#m1">compareLogoTest</a></td><td rowspan="1">1676437477691</td><td rowspan="1">1025</td></tr><tr class="failedodd"><td rowspan="1">Test.LoginPageTest</td><td><a href="#m2">LoginTest</a></td><td rowspan="1">1676437507834</td><td rowspan="1">21035</td></tr><tr><th colspan="4">Test2 &#8212; passed</th></tr><tr class="passedeven"><td rowspan="8">Test.HomePageTest</td><td><a href="#m3">VerifytitleTest</a></td><td rowspan="1">1676437475715</td><td rowspan="1">20</td></tr><tr class="passedeven"><td><a href="#m4">verifyCreateAccountbutton</a></td><td rowspan="1">1676437477355</td><td rowspan="1">52</td></tr><tr class="passedeven"><td><a href="#m5">verifyForgotpasswordlink</a></td><td rowspan="1">1676437477300</td><td rowspan="1">51</td></tr><tr class="passedeven"><td><a href="#m6">verifyLoginbutton</a></td><td rowspan="1">1676437477249</td><td rowspan="1">48</td></tr><tr class="passedeven"><td><a href="#m7">verifyPassworTextbox</a></td><td rowspan="1">1676437477190</td><td rowspan="1">56</td></tr><tr class="passedeven"><td><a href="#m8">verifyText</a></td><td rowspan="1">1676437477410</td><td rowspan="1">277</td></tr><tr class="passedeven"><td><a href="#m9">verifyUsernametextbox</a></td><td rowspan="1">1676437476931</td><td rowspan="1">255</td></tr><tr class="passedeven"><td><a href="#m10">verifyurlTest</a></td><td rowspan="1">1676437475640</td><td rowspan="1">62</td></tr><tr class="passedodd"><td rowspan="3">Test.LoginPageTest</td><td><a href="#m11">LoginTest</a></td><td rowspan="3">1676437529552</td><td rowspan="3">1738</td></tr><tr class="passedodd"><td><a href="#m12">LoginTest</a></td></tr><tr class="passedodd"><td><a href="#m13">LoginTest</a></td></tr></tbody>
</table>
<h2>Test2</h2><h3 id="m0">Test.HomePageTest#capturelogo</h3><table class="result"><tr><th>Exception</th></tr><tr><td><div class="stacktrace">java.io.FileNotFoundException: File system element for parameter &apos;source&apos; does not exist: &apos;.\Screenshots\facebook.png&apos;
	at org.apache.commons.io.FileUtils.requireExistsChecked(FileUtils.java:2719)
	at org.apache.commons.io.FileUtils.requireFileCopy(FileUtils.java:2751)
	at org.apache.commons.io.FileUtils.copyFile(FileUtils.java:840)
	at org.apache.commons.io.FileUtils.copyFile(FileUtils.java:756)
	at Test.HomePageTest.capturelogo(HomePageTest.java:60)
	at java.base/java.util.ArrayList.forEach(ArrayList.java:1511)
... Removed 27 stack frames</div></td></tr></table><p class="totop"><a href="#summary">back to summary</a></p>
<h3 id="m1">Test.HomePageTest#compareLogoTest</h3><table class="result"><tr><th>Exception</th></tr><tr><td><div class="stacktrace">javax.imageio.IIOException: Can&apos;t read input file!
	at java.desktop/javax.imageio.ImageIO.read(ImageIO.java:1310)
	at Test.HomePageTest.compareLogoTest(HomePageTest.java:117)
	at java.base/java.util.ArrayList.forEach(ArrayList.java:1511)
... Removed 27 stack frames</div></td></tr></table><p class="totop"><a href="#summary">back to summary</a></p>
<h3 id="m2">Test.LoginPageTest#LoginTest</h3><table class="result"><tr class="param"><th>Parameter #1</th><th>Parameter #2</th></tr><tr class="param stripe"><td>thorat959@gmail.com</td><td>Zxcvbnm1</td></tr><tr><th colspan="2">Exception</th></tr><tr><td colspan="2"><div class="stacktrace">org.openqa.selenium.StaleElementReferenceException: stale element reference: element is not attached to the page document
  (Session info: chrome=110.0.5481.97)
For documentation on this error, please visit: https://selenium.dev/exceptions/#stale_element_reference
Build info: version: &apos;4.6.0&apos;, revision: &apos;79f1c02ae20&apos;
System info: os.name: &apos;Windows 10&apos;, os.arch: &apos;amd64&apos;, os.version: &apos;10.0&apos;, java.version: &apos;17.0.5&apos;
Driver info: org.openqa.selenium.chrome.ChromeDriver
Command: [430a0654429989012ecc73e977152484, sendKeysToElement {id=33fcd9cf-8b33-4aa3-b727-f78d11d8a54e, value=[Ljava.lang.CharSequence;@3c232051}]
Capabilities {acceptInsecureCerts: false, browserName: chrome, browserVersion: 110.0.5481.97, chrome: {chromedriverVersion: 110.0.5481.77 (65ed616c6e8e..., userDataDir: C:\Users\pankaj\AppData\Loc...}, goog:chromeOptions: {debuggerAddress: localhost:60600}, networkConnectionEnabled: false, pageLoadStrategy: normal, platformName: WINDOWS, proxy: Proxy(), se:cdp: ws://localhost:60600/devtoo..., se:cdpVersion: 110.0.5481.97, setWindowRect: true, strictFileInteractability: false, timeouts: {implicit: 0, pageLoad: 300000, script: 30000}, unhandledPromptBehavior: dismiss and notify, webauthn:extension:credBlob: true, webauthn:extension:largeBlob: true, webauthn:virtualAuthenticators: true}
Element: [[ChromeDriver: chrome on WINDOWS (430a0654429989012ecc73e977152484)] -&gt; xpath: //input[@name=&quot;email&quot;]]
Session ID: 430a0654429989012ecc73e977152484
	at org.openqa.selenium.remote.codec.w3c.W3CHttpResponseCodec.createException(W3CHttpResponseCodec.java:200)
	at org.openqa.selenium.remote.codec.w3c.W3CHttpResponseCodec.decode(W3CHttpResponseCodec.java:133)
	at org.openqa.selenium.remote.codec.w3c.W3CHttpResponseCodec.decode(W3CHttpResponseCodec.java:53)
	at org.openqa.selenium.remote.HttpCommandExecutor.execute(HttpCommandExecutor.java:184)
	at org.openqa.selenium.remote.service.DriverCommandExecutor.invokeExecute(DriverCommandExecutor.java:167)
	at org.openqa.selenium.remote.service.DriverCommandExecutor.execute(DriverCommandExecutor.java:142)
	at org.openqa.selenium.remote.RemoteWebDriver.execute(RemoteWebDriver.java:541)
	at org.openqa.selenium.remote.RemoteWebElement.execute(RemoteWebElement.java:257)
	at org.openqa.selenium.remote.RemoteWebElement.sendKeys(RemoteWebElement.java:113)
	at Test.LoginPageTest.LoginTest(LoginPageTest.java:27)
	at java.base/java.util.ArrayList.forEach(ArrayList.java:1511)
... Removed 32 stack frames</div></td></tr></table><p class="totop"><a href="#summary">back to summary</a></p>
<h3 id="m3">Test.HomePageTest#VerifytitleTest</h3><table class="result"><tr><th class="invisible"/></tr></table><p class="totop"><a href="#summary">back to summary</a></p>
<h3 id="m4">Test.HomePageTest#verifyCreateAccountbutton</h3><table class="result"><tr><th class="invisible"/></tr></table><p class="totop"><a href="#summary">back to summary</a></p>
<h3 id="m5">Test.HomePageTest#verifyForgotpasswordlink</h3><table class="result"><tr><th class="invisible"/></tr></table><p class="totop"><a href="#summary">back to summary</a></p>
<h3 id="m6">Test.HomePageTest#verifyLoginbutton</h3><table class="result"><tr><th class="invisible"/></tr></table><p class="totop"><a href="#summary">back to summary</a></p>
<h3 id="m7">Test.HomePageTest#verifyPassworTextbox</h3><table class="result"><tr><th class="invisible"/></tr></table><p class="totop"><a href="#summary">back to summary</a></p>
<h3 id="m8">Test.HomePageTest#verifyText</h3><table class="result"><tr><th class="invisible"/></tr></table><p class="totop"><a href="#summary">back to summary</a></p>
<h3 id="m9">Test.HomePageTest#verifyUsernametextbox</h3><table class="result"><tr><th class="invisible"/></tr></table><p class="totop"><a href="#summary">back to summary</a></p>
<h3 id="m10">Test.HomePageTest#verifyurlTest</h3><table class="result"><tr><th class="invisible"/></tr></table><p class="totop"><a href="#summary">back to summary</a></p>
<h3 id="m11">Test.LoginPageTest#LoginTest</h3><table class="result"><tr class="param"><th>Parameter #1</th><th>Parameter #2</th></tr><tr class="param stripe"><td>7517476426</td><td>Zxcvbnm1</td></tr></table><p class="totop"><a href="#summary">back to summary</a></p>
<h3 id="m12">Test.LoginPageTest#LoginTest</h3><table class="result"><tr class="param"><th>Parameter #1</th><th>Parameter #2</th></tr><tr class="param stripe"><td>7517476426</td><td>Rahul@123</td></tr></table><p class="totop"><a href="#summary">back to summary</a></p>
<h3 id="m13">Test.LoginPageTest#LoginTest</h3><table class="result"><tr class="param"><th>Parameter #1</th><th>Parameter #2</th></tr><tr class="param stripe"><td>thorat959@gmail.com</td><td>Rahul@123</td></tr></table><p class="totop"><a href="#summary">back to summary</a></p>
</body>
</html>
