<?xml version="1.0" encoding="UTF-8"?>
<testng-results ignored="0" total="14" passed="11" failed="3" skipped="0">
  <reporter-output>
    <line>
      <![CDATA[============================Browser Session Started=======================]]>
    </line>
    <line>
      <![CDATA[========================Browser Session End==========================]]>
    </line>
    <line>
      <![CDATA[============================Browser Session Started=======================]]>
    </line>
    <line>
      <![CDATA[========================Browser Session End==========================]]>
    </line>
  </reporter-output>
  <suite started-at="2023-02-15T10:33:53 IST" name="Facbook" finished-at="2023-02-15T10:35:33 IST" duration-ms="100052">
    <groups>
    </groups>
    <test started-at="2023-02-15T10:33:53 IST" name="Test2" finished-at="2023-02-15T10:35:33 IST" duration-ms="100052">
      <class name="Test.LoginPageTest">
        <test-method is-config="true" signature="setup()[pri:0, instance:Test.LoginPageTest@456d6c1e]" started-at="2023-02-15T10:34:39 IST" name="setup" finished-at="2023-02-15T10:35:05 IST" duration-ms="26212" status="PASS">
          <reporter-output>
            <line>
              <![CDATA[============================Browser Session Started=======================]]>
            </line>
          </reporter-output>
        </test-method> <!-- setup -->
        <test-method signature="LoginTest(java.lang.String,java.lang.String)[pri:0, instance:Test.LoginPageTest@456d6c1e]" started-at="2023-02-15T10:35:05 IST" name="LoginTest" data-provider="testdata" finished-at="2023-02-15T10:35:07 IST" duration-ms="1896" status="PASS">
          <params>
            <param index="0">
              <value>
                <![CDATA[7517476426]]>
              </value>
            </param>
            <param index="1">
              <value>
                <![CDATA[Rahul@123]]>
              </value>
            </param>
          </params>
          <reporter-output>
          </reporter-output>
        </test-method> <!-- LoginTest -->
        <test-method signature="LoginTest(java.lang.String,java.lang.String)[pri:0, instance:Test.LoginPageTest@456d6c1e]" started-at="2023-02-15T10:35:07 IST" name="LoginTest" data-provider="testdata" finished-at="2023-02-15T10:35:28 IST" duration-ms="21035" status="FAIL">
          <params>
            <param index="0">
              <value>
                <![CDATA[thorat959@gmail.com]]>
              </value>
            </param>
            <param index="1">
              <value>
                <![CDATA[Zxcvbnm1]]>
              </value>
            </param>
          </params>
          <exception class="org.openqa.selenium.StaleElementReferenceException">
            <message>
              <![CDATA[stale element reference: element is not attached to the page document
  (Session info: chrome=110.0.5481.97)
For documentation on this error, please visit: https://selenium.dev/exceptions/#stale_element_reference
Build info: version: '4.6.0', revision: '79f1c02ae20'
System info: os.name: 'Windows 10', os.arch: 'amd64', os.version: '10.0', java.version: '17.0.5'
Driver info: org.openqa.selenium.chrome.ChromeDriver
Command: [430a0654429989012ecc73e977152484, sendKeysToElement {id=33fcd9cf-8b33-4aa3-b727-f78d11d8a54e, value=[Ljava.lang.CharSequence;@3c232051}]
Capabilities {acceptInsecureCerts: false, browserName: chrome, browserVersion: 110.0.5481.97, chrome: {chromedriverVersion: 110.0.5481.77 (65ed616c6e8e..., userDataDir: C:\Users\pankaj\AppData\Loc...}, goog:chromeOptions: {debuggerAddress: localhost:60600}, networkConnectionEnabled: false, pageLoadStrategy: normal, platformName: WINDOWS, proxy: Proxy(), se:cdp: ws://localhost:60600/devtoo..., se:cdpVersion: 110.0.5481.97, setWindowRect: true, strictFileInteractability: false, timeouts: {implicit: 0, pageLoad: 300000, script: 30000}, unhandledPromptBehavior: dismiss and notify, webauthn:extension:credBlob: true, webauthn:extension:largeBlob: true, webauthn:virtualAuthenticators: true}
Element: [[ChromeDriver: chrome on WINDOWS (430a0654429989012ecc73e977152484)] -> xpath: //input[@name="email"]]
Session ID: 430a0654429989012ecc73e977152484]]>
            </message>
            <full-stacktrace>
              <![CDATA[org.openqa.selenium.StaleElementReferenceException: stale element reference: element is not attached to the page document
  (Session info: chrome=110.0.5481.97)
For documentation on this error, please visit: https://selenium.dev/exceptions/#stale_element_reference
Build info: version: '4.6.0', revision: '79f1c02ae20'
System info: os.name: 'Windows 10', os.arch: 'amd64', os.version: '10.0', java.version: '17.0.5'
Driver info: org.openqa.selenium.chrome.ChromeDriver
Command: [430a0654429989012ecc73e977152484, sendKeysToElement {id=33fcd9cf-8b33-4aa3-b727-f78d11d8a54e, value=[Ljava.lang.CharSequence;@3c232051}]
Capabilities {acceptInsecureCerts: false, browserName: chrome, browserVersion: 110.0.5481.97, chrome: {chromedriverVersion: 110.0.5481.77 (65ed616c6e8e..., userDataDir: C:\Users\pankaj\AppData\Loc...}, goog:chromeOptions: {debuggerAddress: localhost:60600}, networkConnectionEnabled: false, pageLoadStrategy: normal, platformName: WINDOWS, proxy: Proxy(), se:cdp: ws://localhost:60600/devtoo..., se:cdpVersion: 110.0.5481.97, setWindowRect: true, strictFileInteractability: false, timeouts: {implicit: 0, pageLoad: 300000, script: 30000}, unhandledPromptBehavior: dismiss and notify, webauthn:extension:credBlob: true, webauthn:extension:largeBlob: true, webauthn:virtualAuthenticators: true}
Element: [[ChromeDriver: chrome on WINDOWS (430a0654429989012ecc73e977152484)] -> xpath: //input[@name="email"]]
Session ID: 430a0654429989012ecc73e977152484
at java.base/jdk.internal.reflect.NativeConstructorAccessorImpl.newInstance0(Native Method)
at java.base/jdk.internal.reflect.NativeConstructorAccessorImpl.newInstance(NativeConstructorAccessorImpl.java:77)
at java.base/jdk.internal.reflect.DelegatingConstructorAccessorImpl.newInstance(DelegatingConstructorAccessorImpl.java:45)
at java.base/java.lang.reflect.Constructor.newInstanceWithCaller(Constructor.java:499)
at java.base/java.lang.reflect.Constructor.newInstance(Constructor.java:480)
at org.openqa.selenium.remote.codec.w3c.W3CHttpResponseCodec.createException(W3CHttpResponseCodec.java:200)
at org.openqa.selenium.remote.codec.w3c.W3CHttpResponseCodec.decode(W3CHttpResponseCodec.java:133)
at org.openqa.selenium.remote.codec.w3c.W3CHttpResponseCodec.decode(W3CHttpResponseCodec.java:53)
at org.openqa.selenium.remote.HttpCommandExecutor.execute(HttpCommandExecutor.java:184)
at org.openqa.selenium.remote.service.DriverCommandExecutor.invokeExecute(DriverCommandExecutor.java:167)
at org.openqa.selenium.remote.service.DriverCommandExecutor.execute(DriverCommandExecutor.java:142)
at org.openqa.selenium.remote.RemoteWebDriver.execute(RemoteWebDriver.java:541)
at org.openqa.selenium.remote.RemoteWebElement.execute(RemoteWebElement.java:257)
at org.openqa.selenium.remote.RemoteWebElement.sendKeys(RemoteWebElement.java:113)
at Test.LoginPageTest.LoginTest(LoginPageTest.java:27)
at java.base/jdk.internal.reflect.NativeMethodAccessorImpl.invoke0(Native Method)
at java.base/jdk.internal.reflect.NativeMethodAccessorImpl.invoke(NativeMethodAccessorImpl.java:77)
at java.base/jdk.internal.reflect.DelegatingMethodAccessorImpl.invoke(DelegatingMethodAccessorImpl.java:43)
at java.base/java.lang.reflect.Method.invoke(Method.java:568)
at org.testng.internal.invokers.MethodInvocationHelper.invokeMethod(MethodInvocationHelper.java:139)
at org.testng.internal.invokers.TestInvoker.invokeMethod(TestInvoker.java:677)
at org.testng.internal.invokers.TestInvoker.invokeTestMethod(TestInvoker.java:221)
at org.testng.internal.invokers.MethodRunner.runInSequence(MethodRunner.java:50)
at org.testng.internal.invokers.TestInvoker$MethodInvocationAgent.invoke(TestInvoker.java:962)
at org.testng.internal.invokers.TestInvoker.invokeTestMethods(TestInvoker.java:194)
at org.testng.internal.invokers.TestMethodWorker.invokeTestMethods(TestMethodWorker.java:148)
at org.testng.internal.invokers.TestMethodWorker.run(TestMethodWorker.java:128)
at java.base/java.util.ArrayList.forEach(ArrayList.java:1511)
at org.testng.TestRunner.privateRun(TestRunner.java:806)
at org.testng.TestRunner.run(TestRunner.java:601)
at org.testng.SuiteRunner.runTest(SuiteRunner.java:433)
at org.testng.SuiteRunner.runSequentially(SuiteRunner.java:427)
at org.testng.SuiteRunner.privateRun(SuiteRunner.java:387)
at org.testng.SuiteRunner.run(SuiteRunner.java:330)
at org.testng.SuiteRunnerWorker.runSuite(SuiteRunnerWorker.java:52)
at org.testng.SuiteRunnerWorker.run(SuiteRunnerWorker.java:95)
at org.testng.TestNG.runSuitesSequentially(TestNG.java:1256)
at org.testng.TestNG.runSuitesLocally(TestNG.java:1176)
at org.testng.TestNG.runSuites(TestNG.java:1099)
at org.testng.TestNG.run(TestNG.java:1067)
at org.testng.remote.AbstractRemoteTestNG.run(AbstractRemoteTestNG.java:115)
at org.testng.remote.RemoteTestNG.initAndRun(RemoteTestNG.java:251)
at org.testng.remote.RemoteTestNG.main(RemoteTestNG.java:77)
]]>
            </full-stacktrace>
          </exception> <!-- org.openqa.selenium.StaleElementReferenceException -->
          <reporter-output>
          </reporter-output>
        </test-method> <!-- LoginTest -->
        <test-method signature="LoginTest(java.lang.String,java.lang.String)[pri:0, instance:Test.LoginPageTest@456d6c1e]" started-at="2023-02-15T10:35:28 IST" name="LoginTest" data-provider="testdata" finished-at="2023-02-15T10:35:29 IST" duration-ms="669" status="PASS">
          <params>
            <param index="0">
              <value>
                <![CDATA[thorat959@gmail.com]]>
              </value>
            </param>
            <param index="1">
              <value>
                <![CDATA[Rahul@123]]>
              </value>
            </param>
          </params>
          <reporter-output>
          </reporter-output>
        </test-method> <!-- LoginTest -->
        <test-method signature="LoginTest(java.lang.String,java.lang.String)[pri:0, instance:Test.LoginPageTest@456d6c1e]" started-at="2023-02-15T10:35:29 IST" name="LoginTest" data-provider="testdata" finished-at="2023-02-15T10:35:31 IST" duration-ms="1738" status="PASS">
          <params>
            <param index="0">
              <value>
                <![CDATA[7517476426]]>
              </value>
            </param>
            <param index="1">
              <value>
                <![CDATA[Zxcvbnm1]]>
              </value>
            </param>
          </params>
          <reporter-output>
          </reporter-output>
        </test-method> <!-- LoginTest -->
        <test-method is-config="true" signature="tearDown()[pri:0, instance:Test.LoginPageTest@456d6c1e]" started-at="2023-02-15T10:35:31 IST" name="tearDown" finished-at="2023-02-15T10:35:33 IST" duration-ms="1885" status="PASS">
          <reporter-output>
            <line>
              <![CDATA[========================Browser Session End==========================]]>
            </line>
          </reporter-output>
        </test-method> <!-- tearDown -->
      </class> <!-- Test.LoginPageTest -->
      <class name="Test.HomePageTest">
        <test-method is-config="true" signature="setup()[pri:0, instance:Test.HomePageTest@6ca18a14]" started-at="2023-02-15T10:33:53 IST" name="setup" finished-at="2023-02-15T10:34:35 IST" duration-ms="42179" status="PASS">
          <reporter-output>
            <line>
              <![CDATA[============================Browser Session Started=======================]]>
            </line>
          </reporter-output>
        </test-method> <!-- setup -->
        <test-method signature="verifyurlTest()[pri:1, instance:Test.HomePageTest@6ca18a14]" started-at="2023-02-15T10:34:35 IST" name="verifyurlTest" finished-at="2023-02-15T10:34:35 IST" duration-ms="62" status="PASS">
          <reporter-output>
          </reporter-output>
        </test-method> <!-- verifyurlTest -->
        <test-method signature="VerifytitleTest()[pri:2, instance:Test.HomePageTest@6ca18a14]" started-at="2023-02-15T10:34:35 IST" name="VerifytitleTest" finished-at="2023-02-15T10:34:35 IST" duration-ms="20" status="PASS">
          <reporter-output>
          </reporter-output>
        </test-method> <!-- VerifytitleTest -->
        <test-method signature="capturelogo()[pri:3, instance:Test.HomePageTest@6ca18a14]" started-at="2023-02-15T10:34:35 IST" name="capturelogo" finished-at="2023-02-15T10:34:36 IST" duration-ms="1179" status="FAIL">
          <exception class="java.io.FileNotFoundException">
            <message>
              <![CDATA[File system element for parameter 'source' does not exist: '.\Screenshots\facebook.png']]>
            </message>
            <full-stacktrace>
              <![CDATA[java.io.FileNotFoundException: File system element for parameter 'source' does not exist: '.\Screenshots\facebook.png'
at org.apache.commons.io.FileUtils.requireExistsChecked(FileUtils.java:2719)
at org.apache.commons.io.FileUtils.requireFileCopy(FileUtils.java:2751)
at org.apache.commons.io.FileUtils.copyFile(FileUtils.java:840)
at org.apache.commons.io.FileUtils.copyFile(FileUtils.java:756)
at Test.HomePageTest.capturelogo(HomePageTest.java:60)
at java.base/jdk.internal.reflect.NativeMethodAccessorImpl.invoke0(Native Method)
at java.base/jdk.internal.reflect.NativeMethodAccessorImpl.invoke(NativeMethodAccessorImpl.java:77)
at java.base/jdk.internal.reflect.DelegatingMethodAccessorImpl.invoke(DelegatingMethodAccessorImpl.java:43)
at java.base/java.lang.reflect.Method.invoke(Method.java:568)
at org.testng.internal.invokers.MethodInvocationHelper.invokeMethod(MethodInvocationHelper.java:139)
at org.testng.internal.invokers.TestInvoker.invokeMethod(TestInvoker.java:677)
at org.testng.internal.invokers.TestInvoker.invokeTestMethod(TestInvoker.java:221)
at org.testng.internal.invokers.MethodRunner.runInSequence(MethodRunner.java:50)
at org.testng.internal.invokers.TestInvoker$MethodInvocationAgent.invoke(TestInvoker.java:962)
at org.testng.internal.invokers.TestInvoker.invokeTestMethods(TestInvoker.java:194)
at org.testng.internal.invokers.TestMethodWorker.invokeTestMethods(TestMethodWorker.java:148)
at org.testng.internal.invokers.TestMethodWorker.run(TestMethodWorker.java:128)
at java.base/java.util.ArrayList.forEach(ArrayList.java:1511)
at org.testng.TestRunner.privateRun(TestRunner.java:806)
at org.testng.TestRunner.run(TestRunner.java:601)
at org.testng.SuiteRunner.runTest(SuiteRunner.java:433)
at org.testng.SuiteRunner.runSequentially(SuiteRunner.java:427)
at org.testng.SuiteRunner.privateRun(SuiteRunner.java:387)
at org.testng.SuiteRunner.run(SuiteRunner.java:330)
at org.testng.SuiteRunnerWorker.runSuite(SuiteRunnerWorker.java:52)
at org.testng.SuiteRunnerWorker.run(SuiteRunnerWorker.java:95)
at org.testng.TestNG.runSuitesSequentially(TestNG.java:1256)
at org.testng.TestNG.runSuitesLocally(TestNG.java:1176)
at org.testng.TestNG.runSuites(TestNG.java:1099)
at org.testng.TestNG.run(TestNG.java:1067)
at org.testng.remote.AbstractRemoteTestNG.run(AbstractRemoteTestNG.java:115)
at org.testng.remote.RemoteTestNG.initAndRun(RemoteTestNG.java:251)
at org.testng.remote.RemoteTestNG.main(RemoteTestNG.java:77)
]]>
            </full-stacktrace>
          </exception> <!-- java.io.FileNotFoundException -->
          <reporter-output>
          </reporter-output>
        </test-method> <!-- capturelogo -->
        <test-method signature="verifyUsernametextbox()[pri:4, instance:Test.HomePageTest@6ca18a14]" started-at="2023-02-15T10:34:36 IST" name="verifyUsernametextbox" finished-at="2023-02-15T10:34:37 IST" duration-ms="255" status="PASS">
          <reporter-output>
          </reporter-output>
        </test-method> <!-- verifyUsernametextbox -->
        <test-method signature="verifyPassworTextbox()[pri:5, instance:Test.HomePageTest@6ca18a14]" started-at="2023-02-15T10:34:37 IST" name="verifyPassworTextbox" finished-at="2023-02-15T10:34:37 IST" duration-ms="56" status="PASS">
          <reporter-output>
          </reporter-output>
        </test-method> <!-- verifyPassworTextbox -->
        <test-method signature="verifyLoginbutton()[pri:6, instance:Test.HomePageTest@6ca18a14]" started-at="2023-02-15T10:34:37 IST" name="verifyLoginbutton" finished-at="2023-02-15T10:34:37 IST" duration-ms="48" status="PASS">
          <reporter-output>
          </reporter-output>
        </test-method> <!-- verifyLoginbutton -->
        <test-method signature="verifyForgotpasswordlink()[pri:7, instance:Test.HomePageTest@6ca18a14]" started-at="2023-02-15T10:34:37 IST" name="verifyForgotpasswordlink" finished-at="2023-02-15T10:34:37 IST" duration-ms="51" status="PASS">
          <reporter-output>
          </reporter-output>
        </test-method> <!-- verifyForgotpasswordlink -->
        <test-method signature="verifyCreateAccountbutton()[pri:8, instance:Test.HomePageTest@6ca18a14]" started-at="2023-02-15T10:34:37 IST" name="verifyCreateAccountbutton" finished-at="2023-02-15T10:34:37 IST" duration-ms="52" status="PASS">
          <reporter-output>
          </reporter-output>
        </test-method> <!-- verifyCreateAccountbutton -->
        <test-method signature="verifyText()[pri:9, instance:Test.HomePageTest@6ca18a14]" started-at="2023-02-15T10:34:37 IST" name="verifyText" finished-at="2023-02-15T10:34:37 IST" duration-ms="277" status="PASS">
          <reporter-output>
          </reporter-output>
        </test-method> <!-- verifyText -->
        <test-method signature="compareLogoTest()[pri:10, instance:Test.HomePageTest@6ca18a14]" started-at="2023-02-15T10:34:37 IST" name="compareLogoTest" finished-at="2023-02-15T10:34:38 IST" duration-ms="1025" status="FAIL">
          <exception class="javax.imageio.IIOException">
            <message>
              <![CDATA[Can't read input file!]]>
            </message>
            <full-stacktrace>
              <![CDATA[javax.imageio.IIOException: Can't read input file!
at java.desktop/javax.imageio.ImageIO.read(ImageIO.java:1310)
at Test.HomePageTest.compareLogoTest(HomePageTest.java:117)
at java.base/jdk.internal.reflect.NativeMethodAccessorImpl.invoke0(Native Method)
at java.base/jdk.internal.reflect.NativeMethodAccessorImpl.invoke(NativeMethodAccessorImpl.java:77)
at java.base/jdk.internal.reflect.DelegatingMethodAccessorImpl.invoke(DelegatingMethodAccessorImpl.java:43)
at java.base/java.lang.reflect.Method.invoke(Method.java:568)
at org.testng.internal.invokers.MethodInvocationHelper.invokeMethod(MethodInvocationHelper.java:139)
at org.testng.internal.invokers.TestInvoker.invokeMethod(TestInvoker.java:677)
at org.testng.internal.invokers.TestInvoker.invokeTestMethod(TestInvoker.java:221)
at org.testng.internal.invokers.MethodRunner.runInSequence(MethodRunner.java:50)
at org.testng.internal.invokers.TestInvoker$MethodInvocationAgent.invoke(TestInvoker.java:962)
at org.testng.internal.invokers.TestInvoker.invokeTestMethods(TestInvoker.java:194)
at org.testng.internal.invokers.TestMethodWorker.invokeTestMethods(TestMethodWorker.java:148)
at org.testng.internal.invokers.TestMethodWorker.run(TestMethodWorker.java:128)
at java.base/java.util.ArrayList.forEach(ArrayList.java:1511)
at org.testng.TestRunner.privateRun(TestRunner.java:806)
at org.testng.TestRunner.run(TestRunner.java:601)
at org.testng.SuiteRunner.runTest(SuiteRunner.java:433)
at org.testng.SuiteRunner.runSequentially(SuiteRunner.java:427)
at org.testng.SuiteRunner.privateRun(SuiteRunner.java:387)
at org.testng.SuiteRunner.run(SuiteRunner.java:330)
at org.testng.SuiteRunnerWorker.runSuite(SuiteRunnerWorker.java:52)
at org.testng.SuiteRunnerWorker.run(SuiteRunnerWorker.java:95)
at org.testng.TestNG.runSuitesSequentially(TestNG.java:1256)
at org.testng.TestNG.runSuitesLocally(TestNG.java:1176)
at org.testng.TestNG.runSuites(TestNG.java:1099)
at org.testng.TestNG.run(TestNG.java:1067)
at org.testng.remote.AbstractRemoteTestNG.run(AbstractRemoteTestNG.java:115)
at org.testng.remote.RemoteTestNG.initAndRun(RemoteTestNG.java:251)
at org.testng.remote.RemoteTestNG.main(RemoteTestNG.java:77)
]]>
            </full-stacktrace>
          </exception> <!-- javax.imageio.IIOException -->
          <reporter-output>
          </reporter-output>
        </test-method> <!-- compareLogoTest -->
        <test-method is-config="true" signature="tearDown()[pri:0, instance:Test.HomePageTest@6ca18a14]" started-at="2023-02-15T10:34:38 IST" name="tearDown" finished-at="2023-02-15T10:34:39 IST" duration-ms="989" status="PASS">
          <reporter-output>
            <line>
              <![CDATA[========================Browser Session End==========================]]>
            </line>
          </reporter-output>
        </test-method> <!-- tearDown -->
      </class> <!-- Test.HomePageTest -->
    </test> <!-- Test2 -->
  </suite> <!-- Facbook -->
</testng-results>
